


Started GET "/" for 127.0.0.1 at 2016-10-18 16:27:55 -0200
Processing by PortalPagesController#home as HTML
  Rendering portal_pages/home.html.erb within layouts/application
  Rendered portal_pages/home.html.erb within layouts/application (14.2ms)
Completed 200 OK in 1900ms (Views: 1839.7ms | ActiveRecord: 0.0ms)


Started GET "/home" for 127.0.0.1 at 2016-10-18 16:34:01 -0200
Processing by PortalPagesController#home as HTML
  Rendering portal_pages/home.html.erb within layouts/application
  Rendered portal_pages/home.html.erb within layouts/application (5.4ms)
Completed 200 OK in 1473ms (Views: 1430.7ms | ActiveRecord: 0.0ms)


Started GET "/home" for 127.0.0.1 at 2016-10-18 16:38:03 -0200
Processing by PortalPagesController#home as HTML
  Rendering portal_pages/home.html.erb within layouts/application
  Rendered portal_pages/home.html.erb within layouts/application (1.6ms)
Completed 200 OK in 161ms (Views: 146.0ms | ActiveRecord: 0.0ms)


Started GET "/home" for 127.0.0.1 at 2016-10-18 16:38:30 -0200
Processing by PortalPagesController#home as HTML
  Rendering portal_pages/home.html.erb within layouts/application
  Rendered portal_pages/home.html.erb within layouts/application (1.6ms)
Completed 200 OK in 147ms (Views: 140.1ms | ActiveRecord: 0.0ms)


Started GET "/home" for 127.0.0.1 at 2016-10-18 16:39:24 -0200
Processing by PortalPagesController#home as HTML
  Rendering portal_pages/home.html.erb within layouts/application
  Rendered portal_pages/home.html.erb within layouts/application (1.4ms)
Completed 200 OK in 147ms (Views: 141.7ms | ActiveRecord: 0.0ms)


Started GET "/home" for 127.0.0.1 at 2016-10-18 16:40:30 -0200
Processing by PortalPagesController#home as HTML
  Rendering portal_pages/home.html.erb within layouts/application
  Rendered portal_pages/home.html.erb within layouts/application (2.2ms)
Completed 200 OK in 156ms (Views: 142.1ms | ActiveRecord: 0.0ms)


Started GET "/home" for 127.0.0.1 at 2016-10-18 16:43:30 -0200
Processing by PortalPagesController#home as HTML
  Rendering portal_pages/home.html.erb within layouts/application
  Rendered portal_pages/home.html.erb within layouts/application (1.6ms)
Completed 200 OK in 204ms (Views: 185.8ms | ActiveRecord: 0.0ms)


Started GET "/home" for 127.0.0.1 at 2016-10-18 16:44:01 -0200
Processing by PortalPagesController#home as HTML
  Rendering portal_pages/home.html.erb within layouts/application
  Rendered portal_pages/home.html.erb within layouts/application (1.4ms)
Completed 200 OK in 197ms (Views: 183.1ms | ActiveRecord: 0.0ms)


Started GET "/home" for 127.0.0.1 at 2016-10-18 16:44:11 -0200
Processing by PortalPagesController#home as HTML
  Rendering portal_pages/home.html.erb within layouts/application
  Rendered portal_pages/home.html.erb within layouts/application (1.4ms)
Completed 200 OK in 205ms (Views: 197.9ms | ActiveRecord: 0.0ms)


Started GET "/home" for 127.0.0.1 at 2016-10-18 16:47:20 -0200
Processing by PortalPagesController#home as HTML
  Rendering portal_pages/home.html.erb within layouts/application
  Rendered portal_pages/home.html.erb within layouts/application (1.5ms)
Completed 200 OK in 120ms (Views: 115.5ms | ActiveRecord: 0.0ms)


Started GET "/home" for 127.0.0.1 at 2016-10-18 16:47:32 -0200
Processing by PortalPagesController#home as HTML
  Rendering portal_pages/home.html.erb within layouts/application
  Rendered portal_pages/home.html.erb within layouts/application (1.6ms)
Completed 200 OK in 123ms (Views: 113.9ms | ActiveRecord: 0.0ms)


Started GET "/home" for 127.0.0.1 at 2016-10-18 16:49:18 -0200
Processing by PortalPagesController#home as HTML
  Rendering portal_pages/home.html.erb within layouts/application
  Rendered portal_pages/home.html.erb within layouts/application (1.4ms)
Completed 200 OK in 133ms (Views: 126.0ms | ActiveRecord: 0.0ms)


Started GET "/home" for 127.0.0.1 at 2016-10-18 16:49:51 -0200
Processing by PortalPagesController#home as HTML
  Rendering portal_pages/home.html.erb within layouts/application
  Rendered portal_pages/home.html.erb within layouts/application (1.8ms)
Completed 200 OK in 181ms (Views: 175.1ms | ActiveRecord: 0.0ms)


Started GET "/home" for 127.0.0.1 at 2016-10-18 16:50:18 -0200
Processing by PortalPagesController#home as HTML
  Rendering portal_pages/home.html.erb within layouts/application
  Rendered portal_pages/home.html.erb within layouts/application (1.6ms)
Completed 200 OK in 126ms (Views: 121.5ms | ActiveRecord: 0.0ms)


Started GET "/home" for 127.0.0.1 at 2016-10-18 16:50:38 -0200
Processing by PortalPagesController#home as HTML
  Rendering portal_pages/home.html.erb within layouts/application
  Rendered portal_pages/home.html.erb within layouts/application (1.3ms)
Completed 200 OK in 130ms (Views: 125.5ms | ActiveRecord: 0.0ms)


Started GET "/home" for 127.0.0.1 at 2016-10-18 16:52:04 -0200
Processing by PortalPagesController#home as HTML
  Rendering portal_pages/home.html.erb within layouts/application
  Rendered portal_pages/home.html.erb within layouts/application (4.0ms)
Completed 200 OK in 144ms (Views: 133.4ms | ActiveRecord: 0.0ms)


Started GET "/home" for 127.0.0.1 at 2016-10-18 16:52:35 -0200
Processing by PortalPagesController#home as HTML
  Rendering portal_pages/home.html.erb within layouts/application
  Rendered portal_pages/home.html.erb within layouts/application (2.6ms)
Completed 200 OK in 132ms (Views: 124.2ms | ActiveRecord: 0.0ms)


Started GET "/home" for 127.0.0.1 at 2016-10-18 16:52:56 -0200
Processing by PortalPagesController#home as HTML
  Rendering portal_pages/home.html.erb within layouts/application
  Rendered portal_pages/home.html.erb within layouts/application (1.4ms)
Completed 200 OK in 112ms (Views: 107.9ms | ActiveRecord: 0.0ms)


Started GET "/home" for 127.0.0.1 at 2016-10-18 16:53:51 -0200
Processing by PortalPagesController#home as HTML
  Rendering portal_pages/home.html.erb within layouts/application
  Rendered portal_pages/home.html.erb within layouts/application (2.4ms)
Completed 200 OK in 143ms (Views: 130.3ms | ActiveRecord: 0.0ms)


Started GET "/home" for 127.0.0.1 at 2016-10-18 16:54:49 -0200
Processing by PortalPagesController#home as HTML
  Rendering portal_pages/home.html.erb within layouts/application
  Rendered portal_pages/home.html.erb within layouts/application (1.3ms)
Completed 200 OK in 169ms (Views: 152.7ms | ActiveRecord: 0.0ms)


Started GET "/home" for 127.0.0.1 at 2016-10-18 16:54:56 -0200
Processing by PortalPagesController#home as HTML
  Rendering portal_pages/home.html.erb within layouts/application
  Rendered portal_pages/home.html.erb within layouts/application (1.2ms)
Completed 200 OK in 103ms (Views: 98.1ms | ActiveRecord: 0.0ms)


Started GET "/home" for 127.0.0.1 at 2016-10-18 16:55:25 -0200
Processing by PortalPagesController#home as HTML
  Rendering portal_pages/home.html.erb within layouts/application
  Rendered portal_pages/home.html.erb within layouts/application (5.7ms)
Completed 200 OK in 131ms (Views: 125.2ms | ActiveRecord: 0.0ms)


Started GET "/home" for 127.0.0.1 at 2016-10-18 16:55:33 -0200
Processing by PortalPagesController#home as HTML
  Rendering portal_pages/home.html.erb within layouts/application
  Rendered portal_pages/home.html.erb within layouts/application (4.9ms)
Completed 200 OK in 130ms (Views: 125.5ms | ActiveRecord: 0.0ms)


Started GET "/home" for 127.0.0.1 at 2016-10-18 16:56:52 -0200
Processing by PortalPagesController#home as HTML
  Rendering portal_pages/home.html.erb within layouts/application
  Rendered portal_pages/home.html.erb within layouts/application (1.8ms)
Completed 200 OK in 138ms (Views: 131.9ms | ActiveRecord: 0.0ms)


Started GET "/home" for 127.0.0.1 at 2016-10-18 16:57:05 -0200
Processing by PortalPagesController#home as HTML
  Rendering portal_pages/home.html.erb within layouts/application
  Rendered portal_pages/home.html.erb within layouts/application (1.5ms)
Completed 200 OK in 135ms (Views: 130.5ms | ActiveRecord: 0.0ms)


Started GET "/home" for 127.0.0.1 at 2016-10-18 16:57:12 -0200
Processing by PortalPagesController#home as HTML
  Rendering portal_pages/home.html.erb within layouts/application
  Rendered portal_pages/home.html.erb within layouts/application (1.6ms)
Completed 200 OK in 133ms (Views: 124.9ms | ActiveRecord: 0.0ms)


Started GET "/home" for 127.0.0.1 at 2016-10-18 16:57:29 -0200
Processing by PortalPagesController#home as HTML
  Rendering portal_pages/home.html.erb within layouts/application
  Rendered portal_pages/home.html.erb within layouts/application (1.7ms)
Completed 200 OK in 128ms (Views: 120.7ms | ActiveRecord: 0.0ms)


Started GET "/home" for 127.0.0.1 at 2016-10-18 16:57:42 -0200
Processing by PortalPagesController#home as HTML
  Rendering portal_pages/home.html.erb within layouts/application
  Rendered portal_pages/home.html.erb within layouts/application (1.4ms)
Completed 200 OK in 140ms (Views: 135.6ms | ActiveRecord: 0.0ms)


Started GET "/home" for 127.0.0.1 at 2016-10-18 16:57:52 -0200
Processing by PortalPagesController#home as HTML
  Rendering portal_pages/home.html.erb within layouts/application
  Rendered portal_pages/home.html.erb within layouts/application (1.7ms)
Completed 200 OK in 126ms (Views: 121.8ms | ActiveRecord: 0.0ms)


Started GET "/home" for 127.0.0.1 at 2016-10-18 16:58:01 -0200
Processing by PortalPagesController#home as HTML
  Rendering portal_pages/home.html.erb within layouts/application
  Rendered portal_pages/home.html.erb within layouts/application (1.4ms)
Completed 200 OK in 133ms (Views: 126.6ms | ActiveRecord: 0.0ms)


Started GET "/home" for 127.0.0.1 at 2016-10-18 16:58:27 -0200
Processing by PortalPagesController#home as HTML
  Rendering portal_pages/home.html.erb within layouts/application
  Rendered portal_pages/home.html.erb within layouts/application (1.5ms)
Completed 200 OK in 150ms (Views: 138.5ms | ActiveRecord: 0.0ms)


Started GET "/home" for 127.0.0.1 at 2016-10-18 16:59:06 -0200
Processing by PortalPagesController#home as HTML
  Rendering portal_pages/home.html.erb within layouts/application
  Rendered portal_pages/home.html.erb within layouts/application (3.6ms)
Completed 200 OK in 139ms (Views: 133.3ms | ActiveRecord: 0.0ms)


Started GET "/home" for 127.0.0.1 at 2016-10-18 17:00:20 -0200
Processing by PortalPagesController#home as HTML
  Rendering portal_pages/home.html.erb within layouts/application
  Rendered portal_pages/home.html.erb within layouts/application (2.6ms)
Completed 200 OK in 132ms (Views: 128.1ms | ActiveRecord: 0.0ms)


Started GET "/home" for 127.0.0.1 at 2016-10-18 17:00:40 -0200
Processing by PortalPagesController#home as HTML
  Rendering portal_pages/home.html.erb within layouts/application
  Rendered portal_pages/home.html.erb within layouts/application (1.4ms)
Completed 200 OK in 139ms (Views: 134.5ms | ActiveRecord: 0.0ms)


Started GET "/home" for 127.0.0.1 at 2016-10-18 17:01:20 -0200
Processing by PortalPagesController#home as HTML
  Rendering portal_pages/home.html.erb within layouts/application
  Rendered portal_pages/home.html.erb within layouts/application (1.3ms)
Completed 200 OK in 143ms (Views: 138.1ms | ActiveRecord: 0.0ms)


Started GET "/home" for 127.0.0.1 at 2016-10-18 17:04:31 -0200
Processing by PortalPagesController#home as HTML
  Rendering portal_pages/home.html.erb within layouts/application
  Rendered portal_pages/home.html.erb within layouts/application (1.4ms)
Completed 200 OK in 150ms (Views: 145.0ms | ActiveRecord: 0.0ms)


Started GET "/home" for 127.0.0.1 at 2016-10-18 17:05:48 -0200
Processing by PortalPagesController#home as HTML
  Rendering portal_pages/home.html.erb within layouts/application
  Rendered portal_pages/home.html.erb within layouts/application (1.4ms)
Completed 200 OK in 181ms (Views: 176.2ms | ActiveRecord: 0.0ms)


Started GET "/home" for 127.0.0.1 at 2016-10-18 17:06:07 -0200
Processing by PortalPagesController#home as HTML
  Rendering portal_pages/home.html.erb within layouts/application
  Rendered portal_pages/home.html.erb within layouts/application (1.3ms)
Completed 200 OK in 180ms (Views: 174.9ms | ActiveRecord: 0.0ms)


Started GET "/home" for 127.0.0.1 at 2016-10-18 17:06:22 -0200
Processing by PortalPagesController#home as HTML
  Rendering portal_pages/home.html.erb within layouts/application
  Rendered portal_pages/home.html.erb within layouts/application (1.4ms)
Completed 200 OK in 160ms (Views: 154.4ms | ActiveRecord: 0.0ms)


Started GET "/home" for 127.0.0.1 at 2016-10-18 17:06:33 -0200
Processing by PortalPagesController#home as HTML
  Rendering portal_pages/home.html.erb within layouts/application
  Rendered portal_pages/home.html.erb within layouts/application (1.4ms)
Completed 200 OK in 187ms (Views: 180.3ms | ActiveRecord: 0.0ms)


Started GET "/home" for 127.0.0.1 at 2016-10-18 17:06:42 -0200
Processing by PortalPagesController#home as HTML
  Rendering portal_pages/home.html.erb within layouts/application
  Rendered portal_pages/home.html.erb within layouts/application (1.2ms)
Completed 200 OK in 118ms (Views: 112.8ms | ActiveRecord: 0.0ms)


Started GET "/home" for 127.0.0.1 at 2016-10-18 17:07:48 -0200
Processing by PortalPagesController#home as HTML
  Rendering portal_pages/home.html.erb within layouts/application
  Rendered portal_pages/home.html.erb within layouts/application (1.3ms)
Completed 200 OK in 156ms (Views: 151.1ms | ActiveRecord: 0.0ms)


Started GET "/home" for 127.0.0.1 at 2016-10-18 17:08:43 -0200
Processing by PortalPagesController#home as HTML
  Rendering portal_pages/home.html.erb within layouts/application
  Rendered portal_pages/home.html.erb within layouts/application (8.9ms)
Completed 200 OK in 185ms (Views: 180.6ms | ActiveRecord: 0.0ms)


Started GET "/home" for 127.0.0.1 at 2016-10-18 17:10:03 -0200
Processing by PortalPagesController#home as HTML
  Rendering portal_pages/home.html.erb within layouts/application
  Rendered portal_pages/home.html.erb within layouts/application (1.4ms)
Completed 200 OK in 117ms (Views: 112.2ms | ActiveRecord: 0.0ms)


Started GET "/home" for 127.0.0.1 at 2016-10-18 17:11:54 -0200
Processing by PortalPagesController#home as HTML
  Rendering portal_pages/home.html.erb within layouts/application
  Rendered portal_pages/home.html.erb within layouts/application (1.3ms)
Completed 200 OK in 129ms (Views: 124.1ms | ActiveRecord: 0.0ms)


Started GET "/home" for 127.0.0.1 at 2016-10-18 17:12:14 -0200
Processing by PortalPagesController#home as HTML
  Rendering portal_pages/home.html.erb within layouts/application
  Rendered portal_pages/home.html.erb within layouts/application (6.2ms)
Completed 200 OK in 119ms (Views: 114.7ms | ActiveRecord: 0.0ms)


Started GET "/home" for 127.0.0.1 at 2016-10-18 17:14:04 -0200
Processing by PortalPagesController#home as HTML
  Rendering portal_pages/home.html.erb within layouts/application
  Rendered portal_pages/home.html.erb within layouts/application (1.5ms)
Completed 200 OK in 161ms (Views: 155.5ms | ActiveRecord: 0.0ms)


Started GET "/home" for 127.0.0.1 at 2016-10-18 17:15:28 -0200
Processing by PortalPagesController#home as HTML
  Rendering portal_pages/home.html.erb within layouts/application
  Rendered portal_pages/home.html.erb within layouts/application (1.2ms)
Completed 200 OK in 131ms (Views: 125.5ms | ActiveRecord: 0.0ms)


Started GET "/home" for 127.0.0.1 at 2016-10-18 17:15:51 -0200
Processing by PortalPagesController#home as HTML
  Rendering portal_pages/home.html.erb within layouts/application
  Rendered portal_pages/home.html.erb within layouts/application (1.3ms)
Completed 200 OK in 133ms (Views: 128.2ms | ActiveRecord: 0.0ms)


Started GET "/home" for 127.0.0.1 at 2016-10-18 17:15:59 -0200
Processing by PortalPagesController#home as HTML
  Rendering portal_pages/home.html.erb within layouts/application
  Rendered portal_pages/home.html.erb within layouts/application (1.4ms)
Completed 200 OK in 173ms (Views: 167.5ms | ActiveRecord: 0.0ms)


Started GET "/home" for 127.0.0.1 at 2016-10-18 17:16:12 -0200
Processing by PortalPagesController#home as HTML
  Rendering portal_pages/home.html.erb within layouts/application
  Rendered portal_pages/home.html.erb within layouts/application (1.7ms)
Completed 200 OK in 113ms (Views: 108.1ms | ActiveRecord: 0.0ms)


Started GET "/home" for 127.0.0.1 at 2016-10-18 17:16:41 -0200
Processing by PortalPagesController#home as HTML
  Rendering portal_pages/home.html.erb within layouts/application
  Rendered portal_pages/home.html.erb within layouts/application (1.5ms)
Completed 200 OK in 105ms (Views: 100.6ms | ActiveRecord: 0.0ms)


Started GET "/home" for 127.0.0.1 at 2016-10-18 17:16:56 -0200
Processing by PortalPagesController#home as HTML
  Rendering portal_pages/home.html.erb within layouts/application
  Rendered portal_pages/home.html.erb within layouts/application (5.5ms)
Completed 200 OK in 118ms (Views: 113.3ms | ActiveRecord: 0.0ms)


Started GET "/home" for 127.0.0.1 at 2016-10-18 17:17:38 -0200
Processing by PortalPagesController#home as HTML
  Rendering portal_pages/home.html.erb within layouts/application
  Rendered portal_pages/home.html.erb within layouts/application (2.7ms)
Completed 200 OK in 156ms (Views: 151.2ms | ActiveRecord: 0.0ms)


Started GET "/home" for 127.0.0.1 at 2016-10-18 17:17:48 -0200
Processing by PortalPagesController#home as HTML
  Rendering portal_pages/home.html.erb within layouts/application
  Rendered portal_pages/home.html.erb within layouts/application (1.3ms)
Completed 200 OK in 151ms (Views: 145.2ms | ActiveRecord: 0.0ms)


Started GET "/home" for 127.0.0.1 at 2016-10-18 17:18:02 -0200
Processing by PortalPagesController#home as HTML
  Rendering portal_pages/home.html.erb within layouts/application
  Rendered portal_pages/home.html.erb within layouts/application (2.2ms)
Completed 200 OK in 126ms (Views: 121.2ms | ActiveRecord: 0.0ms)


Started GET "/home" for 127.0.0.1 at 2016-10-18 17:18:48 -0200
Processing by PortalPagesController#home as HTML
  Rendering portal_pages/home.html.erb within layouts/application
  Rendered portal_pages/home.html.erb within layouts/application (2.8ms)
Completed 200 OK in 184ms (Views: 179.1ms | ActiveRecord: 0.0ms)


Started GET "/home" for 127.0.0.1 at 2016-10-18 17:19:00 -0200
Processing by PortalPagesController#home as HTML
  Rendering portal_pages/home.html.erb within layouts/application
  Rendered portal_pages/home.html.erb within layouts/application (2.0ms)
Completed 200 OK in 140ms (Views: 125.1ms | ActiveRecord: 0.0ms)


Started GET "/home" for 127.0.0.1 at 2016-10-18 17:19:12 -0200
Processing by PortalPagesController#home as HTML
  Rendering portal_pages/home.html.erb within layouts/application
  Rendered portal_pages/home.html.erb within layouts/application (1.4ms)
Completed 200 OK in 132ms (Views: 128.0ms | ActiveRecord: 0.0ms)


Started GET "/home" for 127.0.0.1 at 2016-10-18 17:19:52 -0200
Processing by PortalPagesController#home as HTML
  Rendering portal_pages/home.html.erb within layouts/application
  Rendered portal_pages/home.html.erb within layouts/application (9.1ms)
Completed 200 OK in 151ms (Views: 146.0ms | ActiveRecord: 0.0ms)


Started GET "/home" for 127.0.0.1 at 2016-10-18 17:21:52 -0200
Processing by PortalPagesController#home as HTML
  Rendering portal_pages/home.html.erb within layouts/application
  Rendered portal_pages/home.html.erb within layouts/application (1.3ms)
Completed 200 OK in 146ms (Views: 142.0ms | ActiveRecord: 0.0ms)


Started GET "/home" for 127.0.0.1 at 2016-10-18 17:22:01 -0200
Processing by PortalPagesController#home as HTML
  Rendering portal_pages/home.html.erb within layouts/application
  Rendered portal_pages/home.html.erb within layouts/application (1.5ms)
Completed 200 OK in 154ms (Views: 148.8ms | ActiveRecord: 0.0ms)


Started GET "/home" for 127.0.0.1 at 2016-10-18 17:22:28 -0200
Processing by PortalPagesController#home as HTML
  Rendering portal_pages/home.html.erb within layouts/application
  Rendered portal_pages/home.html.erb within layouts/application (1.3ms)
Completed 200 OK in 123ms (Views: 117.9ms | ActiveRecord: 0.0ms)


Started GET "/home" for 127.0.0.1 at 2016-10-18 17:22:42 -0200
Processing by PortalPagesController#home as HTML
  Rendering portal_pages/home.html.erb within layouts/application
  Rendered portal_pages/home.html.erb within layouts/application (1.3ms)
Completed 200 OK in 122ms (Views: 113.8ms | ActiveRecord: 0.0ms)


Started GET "/home" for 127.0.0.1 at 2016-10-18 17:23:25 -0200
Processing by PortalPagesController#home as HTML
  Rendering portal_pages/home.html.erb within layouts/application
  Rendered portal_pages/home.html.erb within layouts/application (1.3ms)
Completed 200 OK in 120ms (Views: 115.6ms | ActiveRecord: 0.0ms)


Started GET "/home" for 127.0.0.1 at 2016-10-18 17:23:31 -0200
Processing by PortalPagesController#home as HTML
  Rendering portal_pages/home.html.erb within layouts/application
  Rendered portal_pages/home.html.erb within layouts/application (1.4ms)
Completed 200 OK in 111ms (Views: 106.5ms | ActiveRecord: 0.0ms)


Started GET "/home" for 127.0.0.1 at 2016-10-18 17:23:32 -0200
Processing by PortalPagesController#home as HTML
  Rendering portal_pages/home.html.erb within layouts/application
  Rendered portal_pages/home.html.erb within layouts/application (2.2ms)
Completed 200 OK in 133ms (Views: 127.0ms | ActiveRecord: 0.0ms)


Started GET "/home" for 127.0.0.1 at 2016-10-18 17:23:33 -0200
Processing by PortalPagesController#home as HTML
  Rendering portal_pages/home.html.erb within layouts/application
  Rendered portal_pages/home.html.erb within layouts/application (2.0ms)
Completed 200 OK in 121ms (Views: 114.7ms | ActiveRecord: 0.0ms)


Started GET "/home" for 127.0.0.1 at 2016-10-18 17:23:35 -0200
Processing by PortalPagesController#home as HTML
  Rendering portal_pages/home.html.erb within layouts/application
  Rendered portal_pages/home.html.erb within layouts/application (1.3ms)
Completed 200 OK in 146ms (Views: 142.2ms | ActiveRecord: 0.0ms)


Started GET "/home" for 127.0.0.1 at 2016-10-18 17:23:50 -0200
Processing by PortalPagesController#home as HTML
  Rendering portal_pages/home.html.erb within layouts/application
  Rendered portal_pages/home.html.erb within layouts/application (1.7ms)
Completed 200 OK in 121ms (Views: 115.0ms | ActiveRecord: 0.0ms)


Started GET "/home" for 127.0.0.1 at 2016-10-18 17:24:57 -0200
Processing by PortalPagesController#home as HTML
  Rendering portal_pages/home.html.erb within layouts/application
  Rendered portal_pages/home.html.erb within layouts/application (1.3ms)
Completed 200 OK in 121ms (Views: 115.2ms | ActiveRecord: 0.0ms)


Started GET "/home" for 127.0.0.1 at 2016-10-18 17:25:20 -0200
Processing by PortalPagesController#home as HTML
  Rendering portal_pages/home.html.erb within layouts/application
  Rendered portal_pages/home.html.erb within layouts/application (8.3ms)
Completed 200 OK in 163ms (Views: 157.2ms | ActiveRecord: 0.0ms)


Started GET "/home" for 127.0.0.1 at 2016-10-18 17:25:40 -0200
Processing by PortalPagesController#home as HTML
  Rendering portal_pages/home.html.erb within layouts/application
  Rendered portal_pages/home.html.erb within layouts/application (9.2ms)
Completed 200 OK in 150ms (Views: 145.6ms | ActiveRecord: 0.0ms)


Started GET "/home" for 127.0.0.1 at 2016-10-18 17:26:54 -0200
Processing by PortalPagesController#home as HTML
  Rendering portal_pages/home.html.erb within layouts/application
  Rendered portal_pages/home.html.erb within layouts/application (1.4ms)
Completed 200 OK in 118ms (Views: 108.9ms | ActiveRecord: 0.0ms)


Started GET "/home" for 127.0.0.1 at 2016-10-18 17:27:02 -0200
Processing by PortalPagesController#home as HTML
  Rendering portal_pages/home.html.erb within layouts/application
  Rendered portal_pages/home.html.erb within layouts/application (1.4ms)
Completed 200 OK in 144ms (Views: 136.0ms | ActiveRecord: 0.0ms)


Started GET "/home" for 127.0.0.1 at 2016-10-18 17:27:13 -0200
Processing by PortalPagesController#home as HTML
  Rendering portal_pages/home.html.erb within layouts/application
  Rendered portal_pages/home.html.erb within layouts/application (1.2ms)
Completed 200 OK in 120ms (Views: 111.3ms | ActiveRecord: 0.0ms)


Started GET "/home" for 127.0.0.1 at 2016-10-18 17:27:32 -0200
Processing by PortalPagesController#home as HTML
  Rendering portal_pages/home.html.erb within layouts/application
  Rendered portal_pages/home.html.erb within layouts/application (2.4ms)
Completed 200 OK in 133ms (Views: 124.6ms | ActiveRecord: 0.0ms)


Started GET "/home" for 127.0.0.1 at 2016-10-18 17:27:41 -0200
Processing by PortalPagesController#home as HTML
  Rendering portal_pages/home.html.erb within layouts/application
  Rendered portal_pages/home.html.erb within layouts/application (1.2ms)
Completed 200 OK in 165ms (Views: 157.9ms | ActiveRecord: 0.0ms)


Started GET "/home" for 127.0.0.1 at 2016-10-18 17:28:33 -0200
Processing by PortalPagesController#home as HTML
  Rendering portal_pages/home.html.erb within layouts/application
  Rendered portal_pages/home.html.erb within layouts/application (2.0ms)
Completed 200 OK in 133ms (Views: 128.2ms | ActiveRecord: 0.0ms)


Started GET "/home" for 127.0.0.1 at 2016-10-18 17:28:42 -0200
Processing by PortalPagesController#home as HTML
  Rendering portal_pages/home.html.erb within layouts/application
  Rendered portal_pages/home.html.erb within layouts/application (1.3ms)
Completed 200 OK in 167ms (Views: 158.8ms | ActiveRecord: 0.0ms)


Started GET "/home" for 127.0.0.1 at 2016-10-18 17:29:04 -0200
Processing by PortalPagesController#home as HTML
  Rendering portal_pages/home.html.erb within layouts/application
  Rendered portal_pages/home.html.erb within layouts/application (1.3ms)
Completed 200 OK in 136ms (Views: 130.6ms | ActiveRecord: 0.0ms)


Started GET "/home" for 127.0.0.1 at 2016-10-18 17:29:17 -0200
Processing by PortalPagesController#home as HTML
  Rendering portal_pages/home.html.erb within layouts/application
  Rendered portal_pages/home.html.erb within layouts/application (1.2ms)
Completed 200 OK in 140ms (Views: 135.7ms | ActiveRecord: 0.0ms)


Started GET "/home" for 127.0.0.1 at 2016-10-18 17:29:35 -0200
Processing by PortalPagesController#home as HTML
  Rendering portal_pages/home.html.erb within layouts/application
  Rendered portal_pages/home.html.erb within layouts/application (1.4ms)
Completed 200 OK in 140ms (Views: 130.6ms | ActiveRecord: 0.0ms)


Started GET "/home" for 127.0.0.1 at 2016-10-18 17:30:05 -0200
Processing by PortalPagesController#home as HTML
  Rendering portal_pages/home.html.erb within layouts/application
  Rendered portal_pages/home.html.erb within layouts/application (1.2ms)
Completed 200 OK in 125ms (Views: 119.9ms | ActiveRecord: 0.0ms)


Started GET "/home" for 127.0.0.1 at 2016-10-18 17:30:13 -0200
Processing by PortalPagesController#home as HTML
  Rendering portal_pages/home.html.erb within layouts/application
  Rendered portal_pages/home.html.erb within layouts/application (3.9ms)
Completed 200 OK in 135ms (Views: 127.5ms | ActiveRecord: 0.0ms)


Started GET "/home" for 127.0.0.1 at 2016-10-18 17:30:31 -0200
Processing by PortalPagesController#home as HTML
  Rendering portal_pages/home.html.erb within layouts/application
  Rendered portal_pages/home.html.erb within layouts/application (1.8ms)
Completed 200 OK in 153ms (Views: 148.1ms | ActiveRecord: 0.0ms)


Started GET "/home" for 127.0.0.1 at 2016-10-18 17:30:40 -0200
Processing by PortalPagesController#home as HTML
  Rendering portal_pages/home.html.erb within layouts/application
  Rendered portal_pages/home.html.erb within layouts/application (1.8ms)
Completed 200 OK in 133ms (Views: 117.3ms | ActiveRecord: 0.0ms)


Started GET "/home" for 127.0.0.1 at 2016-10-18 17:31:11 -0200
Processing by PortalPagesController#home as HTML
  Rendering portal_pages/home.html.erb within layouts/application
  Rendered portal_pages/home.html.erb within layouts/application (2.1ms)
Completed 200 OK in 142ms (Views: 134.5ms | ActiveRecord: 0.0ms)


Started GET "/home" for 127.0.0.1 at 2016-10-18 17:31:19 -0200
Processing by PortalPagesController#home as HTML
  Rendering portal_pages/home.html.erb within layouts/application
  Rendered portal_pages/home.html.erb within layouts/application (1.3ms)
Completed 200 OK in 142ms (Views: 137.1ms | ActiveRecord: 0.0ms)


Started GET "/home" for 127.0.0.1 at 2016-10-18 17:31:31 -0200
Processing by PortalPagesController#home as HTML
  Rendering portal_pages/home.html.erb within layouts/application
  Rendered portal_pages/home.html.erb within layouts/application (1.6ms)
Completed 200 OK in 142ms (Views: 137.6ms | ActiveRecord: 0.0ms)


Started GET "/home" for 127.0.0.1 at 2016-10-18 17:32:07 -0200
Processing by PortalPagesController#home as HTML
  Rendering portal_pages/home.html.erb within layouts/application
  Rendered portal_pages/home.html.erb within layouts/application (1.5ms)
Completed 200 OK in 152ms (Views: 147.4ms | ActiveRecord: 0.0ms)


Started GET "/home" for 127.0.0.1 at 2016-10-18 17:32:18 -0200
Processing by PortalPagesController#home as HTML
  Rendering portal_pages/home.html.erb within layouts/application
  Rendered portal_pages/home.html.erb within layouts/application (1.5ms)
Completed 200 OK in 138ms (Views: 132.8ms | ActiveRecord: 0.0ms)


